  main.cpp
D:\Documents\FullSailD\Dev4\Week_2_Handout\Assignments\Assignment 2\Vulkan\build/Gateware.h(14691,3): warning C4250: 'GW::I::GWindowImplementation': inherits 'GW::I::GEventGeneratorImplementation::GW::I::GEventGeneratorImplementation::Register' via dominance
D:\Documents\FullSailD\Dev4\Week_2_Handout\Assignments\Assignment 2\Vulkan\build/Gateware.h(4724): message : see declaration of 'GW::I::GEventGeneratorImplementation::Register'
D:\Documents\FullSailD\Dev4\Week_2_Handout\Assignments\Assignment 2\Vulkan\build/Gateware.h(14691,3): warning C4250: 'GW::I::GWindowImplementation': inherits 'GW::I::GEventGeneratorImplementation::GW::I::GEventGeneratorImplementation::Deregister' via dominance
D:\Documents\FullSailD\Dev4\Week_2_Handout\Assignments\Assignment 2\Vulkan\build/Gateware.h(4737): message : see declaration of 'GW::I::GEventGeneratorImplementation::Deregister'
D:\Documents\FullSailD\Dev4\Week_2_Handout\Assignments\Assignment 2\Vulkan\build/Gateware.h(14691,3): warning C4250: 'GW::I::GWindowImplementation': inherits 'GW::I::GEventGeneratorImplementation::GW::I::GEventGeneratorImplementation::Observers' via dominance
D:\Documents\FullSailD\Dev4\Week_2_Handout\Assignments\Assignment 2\Vulkan\build/Gateware.h(4760): message : see declaration of 'GW::I::GEventGeneratorImplementation::Observers'
D:\Documents\FullSailD\Dev4\Week_2_Handout\Assignments\Assignment 2\Vulkan\build/Gateware.h(14691,3): warning C4250: 'GW::I::GWindowImplementation': inherits 'GW::I::GEventGeneratorImplementation::GW::I::GEventGeneratorImplementation::Push' via dominance
D:\Documents\FullSailD\Dev4\Week_2_Handout\Assignments\Assignment 2\Vulkan\build/Gateware.h(4768): message : see declaration of 'GW::I::GEventGeneratorImplementation::Push'
D:\Documents\FullSailD\Dev4\Week_2_Handout\Assignments\Assignment 2\Vulkan\build/Gateware.h(59715,3): warning C4250: 'GW::I::GRasterSurfaceImplementation': inherits 'GW::I::GEventResponderImplementation::GW::I::GEventResponderImplementation::Assign' via dominance
D:\Documents\FullSailD\Dev4\Week_2_Handout\Assignments\Assignment 2\Vulkan\build/Gateware.h(4073): message : see declaration of 'GW::I::GEventResponderImplementation::Assign'
D:\Documents\FullSailD\Dev4\Week_2_Handout\Assignments\Assignment 2\Vulkan\build/Gateware.h(59715,3): warning C4250: 'GW::I::GRasterSurfaceImplementation': inherits 'GW::I::GEventResponderImplementation::GW::I::GEventResponderImplementation::Invoke' via dominance
D:\Documents\FullSailD\Dev4\Week_2_Handout\Assignments\Assignment 2\Vulkan\build/Gateware.h(4082): message : see declaration of 'GW::I::GEventResponderImplementation::Invoke'
D:\Documents\FullSailD\Dev4\Week_2_Handout\Assignments\Assignment 2\Vulkan\build/Gateware.h(63880,9): warning C4250: 'GW::I::GVulkanSurfaceImplementation': inherits 'GW::I::GEventGeneratorImplementation::GW::I::GEventGeneratorImplementation::Register' via dominance
D:\Documents\FullSailD\Dev4\Week_2_Handout\Assignments\Assignment 2\Vulkan\build/Gateware.h(4724): message : see declaration of 'GW::I::GEventGeneratorImplementation::Register'
D:\Documents\FullSailD\Dev4\Week_2_Handout\Assignments\Assignment 2\Vulkan\build/Gateware.h(63880,9): warning C4250: 'GW::I::GVulkanSurfaceImplementation': inherits 'GW::I::GEventGeneratorImplementation::GW::I::GEventGeneratorImplementation::Deregister' via dominance
D:\Documents\FullSailD\Dev4\Week_2_Handout\Assignments\Assignment 2\Vulkan\build/Gateware.h(4737): message : see declaration of 'GW::I::GEventGeneratorImplementation::Deregister'
D:\Documents\FullSailD\Dev4\Week_2_Handout\Assignments\Assignment 2\Vulkan\build/Gateware.h(63880,9): warning C4250: 'GW::I::GVulkanSurfaceImplementation': inherits 'GW::I::GEventGeneratorImplementation::GW::I::GEventGeneratorImplementation::Observers' via dominance
D:\Documents\FullSailD\Dev4\Week_2_Handout\Assignments\Assignment 2\Vulkan\build/Gateware.h(4760): message : see declaration of 'GW::I::GEventGeneratorImplementation::Observers'
D:\Documents\FullSailD\Dev4\Week_2_Handout\Assignments\Assignment 2\Vulkan\build/Gateware.h(63880,9): warning C4250: 'GW::I::GVulkanSurfaceImplementation': inherits 'GW::I::GEventGeneratorImplementation::GW::I::GEventGeneratorImplementation::Push' via dominance
D:\Documents\FullSailD\Dev4\Week_2_Handout\Assignments\Assignment 2\Vulkan\build/Gateware.h(4768): message : see declaration of 'GW::I::GEventGeneratorImplementation::Push'
D:\Documents\FullSailD\Dev4\Week_2_Handout\Assignments\Assignment 2\Vulkan\build/Gateware.h(64083,9): warning C4250: 'GW::I::GAudioImplementation': inherits 'GW::I::GEventGeneratorImplementation::GW::I::GEventGeneratorImplementation::Register' via dominance
D:\Documents\FullSailD\Dev4\Week_2_Handout\Assignments\Assignment 2\Vulkan\build/Gateware.h(4724): message : see declaration of 'GW::I::GEventGeneratorImplementation::Register'
D:\Documents\FullSailD\Dev4\Week_2_Handout\Assignments\Assignment 2\Vulkan\build/Gateware.h(64083,9): warning C4250: 'GW::I::GAudioImplementation': inherits 'GW::I::GEventGeneratorImplementation::GW::I::GEventGeneratorImplementation::Deregister' via dominance
D:\Documents\FullSailD\Dev4\Week_2_Handout\Assignments\Assignment 2\Vulkan\build/Gateware.h(4737): message : see declaration of 'GW::I::GEventGeneratorImplementation::Deregister'
D:\Documents\FullSailD\Dev4\Week_2_Handout\Assignments\Assignment 2\Vulkan\build/Gateware.h(64083,9): warning C4250: 'GW::I::GAudioImplementation': inherits 'GW::I::GEventGeneratorImplementation::GW::I::GEventGeneratorImplementation::Observers' via dominance
D:\Documents\FullSailD\Dev4\Week_2_Handout\Assignments\Assignment 2\Vulkan\build/Gateware.h(4760): message : see declaration of 'GW::I::GEventGeneratorImplementation::Observers'
D:\Documents\FullSailD\Dev4\Week_2_Handout\Assignments\Assignment 2\Vulkan\build/Gateware.h(64083,9): warning C4250: 'GW::I::GAudioImplementation': inherits 'GW::I::GEventGeneratorImplementation::GW::I::GEventGeneratorImplementation::Push' via dominance
D:\Documents\FullSailD\Dev4\Week_2_Handout\Assignments\Assignment 2\Vulkan\build/Gateware.h(4768): message : see declaration of 'GW::I::GEventGeneratorImplementation::Push'
D:\Documents\FullSailD\Dev4\Week_2_Handout\Assignments\Assignment 2\Vulkan\build/Gateware.h(65019,3): warning C4250: 'GW::I::GAudio3DImplementation': inherits 'GW::I::GEventGeneratorImplementation::GW::I::GEventGeneratorImplementation::Register' via dominance
D:\Documents\FullSailD\Dev4\Week_2_Handout\Assignments\Assignment 2\Vulkan\build/Gateware.h(4724): message : see declaration of 'GW::I::GEventGeneratorImplementation::Register'
D:\Documents\FullSailD\Dev4\Week_2_Handout\Assignments\Assignment 2\Vulkan\build/Gateware.h(65019,3): warning C4250: 'GW::I::GAudio3DImplementation': inherits 'GW::I::GEventGeneratorImplementation::GW::I::GEventGeneratorImplementation::Deregister' via dominance
D:\Documents\FullSailD\Dev4\Week_2_Handout\Assignments\Assignment 2\Vulkan\build/Gateware.h(4737): message : see declaration of 'GW::I::GEventGeneratorImplementation::Deregister'
D:\Documents\FullSailD\Dev4\Week_2_Handout\Assignments\Assignment 2\Vulkan\build/Gateware.h(65019,3): warning C4250: 'GW::I::GAudio3DImplementation': inherits 'GW::I::GEventGeneratorImplementation::GW::I::GEventGeneratorImplementation::Observers' via dominance
D:\Documents\FullSailD\Dev4\Week_2_Handout\Assignments\Assignment 2\Vulkan\build/Gateware.h(4760): message : see declaration of 'GW::I::GEventGeneratorImplementation::Observers'
D:\Documents\FullSailD\Dev4\Week_2_Handout\Assignments\Assignment 2\Vulkan\build/Gateware.h(65019,3): warning C4250: 'GW::I::GAudio3DImplementation': inherits 'GW::I::GEventGeneratorImplementation::GW::I::GEventGeneratorImplementation::Push' via dominance
D:\Documents\FullSailD\Dev4\Week_2_Handout\Assignments\Assignment 2\Vulkan\build/Gateware.h(4768): message : see declaration of 'GW::I::GEventGeneratorImplementation::Push'
D:\Documents\FullSailD\Dev4\Week_2_Handout\Assignments\Assignment 2\Vulkan\build/Gateware.h(65019,3): warning C4250: 'GW::I::GAudio3DImplementation': inherits 'GW::I::GAudioImplementation::GW::I::GAudioImplementation::SetMasterVolume' via dominance
D:\Documents\FullSailD\Dev4\Week_2_Handout\Assignments\Assignment 2\Vulkan\build/Gateware.h(64031): message : see declaration of 'GW::I::GAudioImplementation::SetMasterVolume'
D:\Documents\FullSailD\Dev4\Week_2_Handout\Assignments\Assignment 2\Vulkan\build/Gateware.h(65019,3): warning C4250: 'GW::I::GAudio3DImplementation': inherits 'GW::I::GAudioImplementation::GW::I::GAudioImplementation::SetGlobalSoundVolume' via dominance
D:\Documents\FullSailD\Dev4\Week_2_Handout\Assignments\Assignment 2\Vulkan\build/Gateware.h(64035): message : see declaration of 'GW::I::GAudioImplementation::SetGlobalSoundVolume'
D:\Documents\FullSailD\Dev4\Week_2_Handout\Assignments\Assignment 2\Vulkan\build/Gateware.h(65019,3): warning C4250: 'GW::I::GAudio3DImplementation': inherits 'GW::I::GAudioImplementation::GW::I::GAudioImplementation::SetGlobalMusicVolume' via dominance
D:\Documents\FullSailD\Dev4\Week_2_Handout\Assignments\Assignment 2\Vulkan\build/Gateware.h(64039): message : see declaration of 'GW::I::GAudioImplementation::SetGlobalMusicVolume'
D:\Documents\FullSailD\Dev4\Week_2_Handout\Assignments\Assignment 2\Vulkan\build/Gateware.h(65019,3): warning C4250: 'GW::I::GAudio3DImplementation': inherits 'GW::I::GAudioImplementation::GW::I::GAudioImplementation::SetSoundsChannelVolumes' via dominance
D:\Documents\FullSailD\Dev4\Week_2_Handout\Assignments\Assignment 2\Vulkan\build/Gateware.h(64043): message : see declaration of 'GW::I::GAudioImplementation::SetSoundsChannelVolumes'
D:\Documents\FullSailD\Dev4\Week_2_Handout\Assignments\Assignment 2\Vulkan\build/Gateware.h(65019,3): warning C4250: 'GW::I::GAudio3DImplementation': inherits 'GW::I::GAudioImplementation::GW::I::GAudioImplementation::SetMusicChannelVolumes' via dominance
D:\Documents\FullSailD\Dev4\Week_2_Handout\Assignments\Assignment 2\Vulkan\build/Gateware.h(64047): message : see declaration of 'GW::I::GAudioImplementation::SetMusicChannelVolumes'
D:\Documents\FullSailD\Dev4\Week_2_Handout\Assignments\Assignment 2\Vulkan\build/Gateware.h(65019,3): warning C4250: 'GW::I::GAudio3DImplementation': inherits 'GW::I::GAudioImplementation::GW::I::GAudioImplementation::PlaySounds' via dominance
D:\Documents\FullSailD\Dev4\Week_2_Handout\Assignments\Assignment 2\Vulkan\build/Gateware.h(64051): message : see declaration of 'GW::I::GAudioImplementation::PlaySounds'
D:\Documents\FullSailD\Dev4\Week_2_Handout\Assignments\Assignment 2\Vulkan\build/Gateware.h(65019,3): warning C4250: 'GW::I::GAudio3DImplementation': inherits 'GW::I::GAudioImplementation::GW::I::GAudioImplementation::PauseSounds' via dominance
D:\Documents\FullSailD\Dev4\Week_2_Handout\Assignments\Assignment 2\Vulkan\build/Gateware.h(64055): message : see declaration of 'GW::I::GAudioImplementation::PauseSounds'
D:\Documents\FullSailD\Dev4\Week_2_Handout\Assignments\Assignment 2\Vulkan\build/Gateware.h(65019,3): warning C4250: 'GW::I::GAudio3DImplementation': inherits 'GW::I::GAudioImplementation::GW::I::GAudioImplementation::ResumeSounds' via dominance
D:\Documents\FullSailD\Dev4\Week_2_Handout\Assignments\Assignment 2\Vulkan\build/Gateware.h(64059): message : see declaration of 'GW::I::GAudioImplementation::ResumeSounds'
D:\Documents\FullSailD\Dev4\Week_2_Handout\Assignments\Assignment 2\Vulkan\build/Gateware.h(65019,3): warning C4250: 'GW::I::GAudio3DImplementation': inherits 'GW::I::GAudioImplementation::GW::I::GAudioImplementation::StopSounds' via dominance
D:\Documents\FullSailD\Dev4\Week_2_Handout\Assignments\Assignment 2\Vulkan\build/Gateware.h(64063): message : see declaration of 'GW::I::GAudioImplementation::StopSounds'
D:\Documents\FullSailD\Dev4\Week_2_Handout\Assignments\Assignment 2\Vulkan\build/Gateware.h(65019,3): warning C4250: 'GW::I::GAudio3DImplementation': inherits 'GW::I::GAudioImplementation::GW::I::GAudioImplementation::PlayMusic' via dominance
D:\Documents\FullSailD\Dev4\Week_2_Handout\Assignments\Assignment 2\Vulkan\build/Gateware.h(64067): message : see declaration of 'GW::I::GAudioImplementation::PlayMusic'
D:\Documents\FullSailD\Dev4\Week_2_Handout\Assignments\Assignment 2\Vulkan\build/Gateware.h(65019,3): warning C4250: 'GW::I::GAudio3DImplementation': inherits 'GW::I::GAudioImplementation::GW::I::GAudioImplementation::PauseMusic' via dominance
D:\Documents\FullSailD\Dev4\Week_2_Handout\Assignments\Assignment 2\Vulkan\build/Gateware.h(64071): message : see declaration of 'GW::I::GAudioImplementation::PauseMusic'
D:\Documents\FullSailD\Dev4\Week_2_Handout\Assignments\Assignment 2\Vulkan\build/Gateware.h(65019,3): warning C4250: 'GW::I::GAudio3DImplementation': inherits 'GW::I::GAudioImplementation::GW::I::GAudioImplementation::ResumeMusic' via dominance
D:\Documents\FullSailD\Dev4\Week_2_Handout\Assignments\Assignment 2\Vulkan\build/Gateware.h(64075): message : see declaration of 'GW::I::GAudioImplementation::ResumeMusic'
D:\Documents\FullSailD\Dev4\Week_2_Handout\Assignments\Assignment 2\Vulkan\build/Gateware.h(65019,3): warning C4250: 'GW::I::GAudio3DImplementation': inherits 'GW::I::GAudioImplementation::GW::I::GAudioImplementation::StopMusic' via dominance
D:\Documents\FullSailD\Dev4\Week_2_Handout\Assignments\Assignment 2\Vulkan\build/Gateware.h(64079): message : see declaration of 'GW::I::GAudioImplementation::StopMusic'
D:\Documents\FullSailD\Dev4\Week_2_Handout\Assignments\Assignment 2\Vulkan\build/Gateware.h(70735,3): warning C4250: 'GW::I::GBufferedInputImplementation': inherits 'GW::I::GEventGeneratorImplementation::GW::I::GEventGeneratorImplementation::Register' via dominance
D:\Documents\FullSailD\Dev4\Week_2_Handout\Assignments\Assignment 2\Vulkan\build/Gateware.h(4724): message : see declaration of 'GW::I::GEventGeneratorImplementation::Register'
D:\Documents\FullSailD\Dev4\Week_2_Handout\Assignments\Assignment 2\Vulkan\build/Gateware.h(70735,3): warning C4250: 'GW::I::GBufferedInputImplementation': inherits 'GW::I::GEventGeneratorImplementation::GW::I::GEventGeneratorImplementation::Deregister' via dominance
D:\Documents\FullSailD\Dev4\Week_2_Handout\Assignments\Assignment 2\Vulkan\build/Gateware.h(4737): message : see declaration of 'GW::I::GEventGeneratorImplementation::Deregister'
D:\Documents\FullSailD\Dev4\Week_2_Handout\Assignments\Assignment 2\Vulkan\build/Gateware.h(70735,3): warning C4250: 'GW::I::GBufferedInputImplementation': inherits 'GW::I::GEventGeneratorImplementation::GW::I::GEventGeneratorImplementation::Observers' via dominance
D:\Documents\FullSailD\Dev4\Week_2_Handout\Assignments\Assignment 2\Vulkan\build/Gateware.h(4760): message : see declaration of 'GW::I::GEventGeneratorImplementation::Observers'
D:\Documents\FullSailD\Dev4\Week_2_Handout\Assignments\Assignment 2\Vulkan\build/Gateware.h(70735,3): warning C4250: 'GW::I::GBufferedInputImplementation': inherits 'GW::I::GEventGeneratorImplementation::GW::I::GEventGeneratorImplementation::Push' via dominance
D:\Documents\FullSailD\Dev4\Week_2_Handout\Assignments\Assignment 2\Vulkan\build/Gateware.h(4768): message : see declaration of 'GW::I::GEventGeneratorImplementation::Push'
D:\Documents\FullSailD\Dev4\Week_2_Handout\Assignments\Assignment 2\Vulkan\build/Gateware.h(74103,3): warning C4250: 'GW::I::GControllerImplementation': inherits 'GW::I::GEventGeneratorImplementation::GW::I::GEventGeneratorImplementation::Register' via dominance
D:\Documents\FullSailD\Dev4\Week_2_Handout\Assignments\Assignment 2\Vulkan\build/Gateware.h(4724): message : see declaration of 'GW::I::GEventGeneratorImplementation::Register'
D:\Documents\FullSailD\Dev4\Week_2_Handout\Assignments\Assignment 2\Vulkan\build/Gateware.h(74103,3): warning C4250: 'GW::I::GControllerImplementation': inherits 'GW::I::GEventGeneratorImplementation::GW::I::GEventGeneratorImplementation::Deregister' via dominance
D:\Documents\FullSailD\Dev4\Week_2_Handout\Assignments\Assignment 2\Vulkan\build/Gateware.h(4737): message : see declaration of 'GW::I::GEventGeneratorImplementation::Deregister'
D:\Documents\FullSailD\Dev4\Week_2_Handout\Assignments\Assignment 2\Vulkan\build/Gateware.h(74103,3): warning C4250: 'GW::I::GControllerImplementation': inherits 'GW::I::GEventGeneratorImplementation::GW::I::GEventGeneratorImplementation::Observers' via dominance
D:\Documents\FullSailD\Dev4\Week_2_Handout\Assignments\Assignment 2\Vulkan\build/Gateware.h(4760): message : see declaration of 'GW::I::GEventGeneratorImplementation::Observers'
D:\Documents\FullSailD\Dev4\Week_2_Handout\Assignments\Assignment 2\Vulkan\build/Gateware.h(74103,3): warning C4250: 'GW::I::GControllerImplementation': inherits 'GW::I::GEventGeneratorImplementation::GW::I::GEventGeneratorImplementation::Push' via dominance
D:\Documents\FullSailD\Dev4\Week_2_Handout\Assignments\Assignment 2\Vulkan\build/Gateware.h(4768): message : see declaration of 'GW::I::GEventGeneratorImplementation::Push'
D:\Documents\FullSailD\Dev4\Week_2_Handout\Assignments\Assignment 2\Vulkan\renderer.h(117,1): warning C4305: 'initializing': truncation from 'double' to 'float'
D:\Documents\FullSailD\Dev4\Week_2_Handout\Assignments\Assignment 2\Vulkan\renderer.h(502,1): warning C4267: 'argument': conversion from 'size_t' to 'uint32_t', possible loss of data
D:\Documents\FullSailD\Dev4\Week_2_Handout\Assignments\Assignment 2\Vulkan\build/Gateware.h(16886,4): warning C4244: 'argument': conversion from '_Ty' to 'float', possible loss of data
          with
          [
              _Ty=double
          ]
D:\Documents\FullSailD\Dev4\Week_2_Handout\Assignments\Assignment 2\Vulkan\renderer.h(122): message : see reference to function template instantiation 'GW::GReturn GW::MATH::GMatrix::ProjectionVulkanLHF<double,float&,float,float,GW::MATH::GMATRIXF&>(double &&,float &,float &&,float &&,GW::MATH::GMATRIXF &)' being compiled
D:\Documents\FullSailD\Dev4\Week_2_Handout\Assignments\Assignment 2\Vulkan\build/Gateware.h(1496,1): warning C4244: 'argument': conversion from '_Ty' to 'unsigned int', possible loss of data
          with
          [
              _Ty=unsigned __int64
          ]
D:\Documents\FullSailD\Dev4\Week_2_Handout\Assignments\Assignment 2\Vulkan\build/Gateware.h(1597): message : see reference to function template instantiation 'GW::GReturn GW::I::GProxy<GW::I::GVulkanSurfaceInterface,GW::I::GVulkanSurfaceImplementation,GW::SYSTEM::GWindow,unsigned __int64>::allocate<GW::SYSTEM::GWindow,GW::GRAPHICS::GGraphicsInitOptions,unsigned __int64,const char**,int,nullptr,int,nullptr,bool>(GW::SYSTEM::GWindow &&,GW::GRAPHICS::GGraphicsInitOptions &&,unsigned __int64 &&,const char **&&,int &&,nullptr &&,int &&,nullptr &&,bool &&)' being compiled
D:\Documents\FullSailD\Dev4\Week_2_Handout\Assignments\Assignment 2\Vulkan\build/Gateware.h(1597): message : see reference to function template instantiation 'GW::GReturn GW::I::GProxy<GW::I::GVulkanSurfaceInterface,GW::I::GVulkanSurfaceImplementation,GW::SYSTEM::GWindow,unsigned __int64>::allocate<GW::SYSTEM::GWindow,GW::GRAPHICS::GGraphicsInitOptions,unsigned __int64,const char**,int,nullptr,int,nullptr,bool>(GW::SYSTEM::GWindow &&,GW::GRAPHICS::GGraphicsInitOptions &&,unsigned __int64 &&,const char **&&,int &&,nullptr &&,int &&,nullptr &&,bool &&)' being compiled
D:\Documents\FullSailD\Dev4\Week_2_Handout\Assignments\Assignment 2\Vulkan\main.cpp(48): message : see reference to function template instantiation 'GW::GReturn GW::I::GProxy<GW::I::GVulkanSurfaceInterface,GW::I::GVulkanSurfaceImplementation,GW::SYSTEM::GWindow,unsigned __int64>::Create<GW::SYSTEM::GWindow,GW::GRAPHICS::GGraphicsInitOptions,unsigned __int64,const char**,int,nullptr,int,nullptr,bool,std::enable_if<true,void>>(GW::SYSTEM::GWindow,GW::GRAPHICS::GGraphicsInitOptions,unsigned __int64,const char **,int,nullptr,int,nullptr,bool)' being compiled
D:\Documents\FullSailD\Dev4\Week_2_Handout\Assignments\Assignment 2\Vulkan\main.cpp(46): message : see reference to function template instantiation 'GW::GReturn GW::I::GProxy<GW::I::GVulkanSurfaceInterface,GW::I::GVulkanSurfaceImplementation,GW::SYSTEM::GWindow,unsigned __int64>::Create<GW::SYSTEM::GWindow,GW::GRAPHICS::GGraphicsInitOptions,unsigned __int64,const char**,int,nullptr,int,nullptr,bool,std::enable_if<true,void>>(GW::SYSTEM::GWindow,GW::GRAPHICS::GGraphicsInitOptions,unsigned __int64,const char **,int,nullptr,int,nullptr,bool)' being compiled
  Assignment_2_Vulkan.vcxproj -> D:\Documents\FullSailD\Dev4\Week_2_Handout\Assignments\Assignment 2\Vulkan\build\Debug\Assignment_2_Vulkan.exe
